2019-03-28 09:48:41.861  INFO 10936 --- [main] com.wangyb.ftpdemo.FtpdemoApplication    : Starting FtpdemoApplication on ipanel-PC with PID 10936 (F:\IdeaProject\ftpdemo\target\classes started by wangyb in F:\IdeaProject\ftpdemo)
2019-03-28 09:48:41.892  INFO 10936 --- [main] com.wangyb.ftpdemo.FtpdemoApplication    : No active profile set, falling back to default profiles: default
2019-03-28 09:48:41.927  INFO 10936 --- [main] ConfigServletWebServerApplicationContext : Refreshing org.springframework.boot.web.servlet.context.AnnotationConfigServletWebServerApplicationContext@73a1e9a9: startup date [Thu Mar 28 09:48:41 CST 2019]; root of context hierarchy
2019-03-28 09:48:43.918  INFO 10936 --- [main] o.s.b.w.embedded.tomcat.TomcatWebServer  : Tomcat initialized with port(s): 8056 (http)
2019-03-28 09:48:43.949  INFO 10936 --- [main] o.apache.catalina.core.StandardService   : Starting service [Tomcat]
2019-03-28 09:48:43.950  INFO 10936 --- [main] org.apache.catalina.core.StandardEngine  : Starting Servlet Engine: Apache Tomcat/8.5.32
2019-03-28 09:48:43.953  INFO 10936 --- [localhost-startStop-1] o.a.catalina.core.AprLifecycleListener   : The APR based Apache Tomcat Native library which allows optimal performance in production environments was not found on the java.library.path: [C:\Program Files\Java\jdk1.8.0_161\bin;C:\windows\Sun\Java\bin;C:\windows\system32;C:\windows;D:\Tomcat\bin;C:\ProgramData\Oracle\Java\javapath;C:\Program Files (x86)\Intel\iCLS Client\;C:\Program Files\Intel\iCLS Client\;C:\windows\system32;C:\windows;C:\windows\System32\Wbem;C:\windows\System32\WindowsPowerShell\v1.0\;C:\Program Files (x86)\Intel\UCRT\;C:\Program Files\Intel\UCRT\;C:\Program Files (x86)\Intel\Intel(R) Management Engine Components\DAL;C:\Program Files\Intel\Intel(R) Management Engine Components\DAL;C:\Program Files (x86)\Intel\Intel(R) Management Engine Components\IPT;C:\Program Files\Intel\Intel(R) Management Engine Components\IPT;C:\Program Files\TortoiseSVN\bin;C:\Program Files\Java\jdk1.8.0_161\bin;C:\Program Files\Java\jdk1.8.0_161\jre\bin;MAVAEN_HOMED:\apache-maven-3.5.3\bin;D:\apache-maven-3.5.3\bin;D:\consul;D:\Git\usr\bin;D:\Git\bin;D:\Program Files\nodejs\;D:\Git\cmd;D:\python;D:\Program Files (x86)\Deskshare\Auto FTP Manager 7\;C:\Program Files (x86)\CVSNT\;C:\Users\Administrator\AppData\Roaming\npm;D:\Programs\Fiddler;.]
2019-03-28 09:48:44.035  INFO 10936 --- [localhost-startStop-1] o.a.c.c.C.[Tomcat].[localhost].[/]       : Initializing Spring embedded WebApplicationContext
2019-03-28 09:48:44.035  INFO 10936 --- [localhost-startStop-1] o.s.web.context.ContextLoader            : Root WebApplicationContext: initialization completed in 2108 ms
2019-03-28 09:48:44.116  INFO 10936 --- [localhost-startStop-1] o.s.b.w.servlet.ServletRegistrationBean  : Servlet dispatcherServlet mapped to [/]
2019-03-28 09:48:44.121  INFO 10936 --- [localhost-startStop-1] o.s.b.w.servlet.FilterRegistrationBean   : Mapping filter: 'characterEncodingFilter' to: [/*]
2019-03-28 09:48:44.121  INFO 10936 --- [localhost-startStop-1] o.s.b.w.servlet.FilterRegistrationBean   : Mapping filter: 'hiddenHttpMethodFilter' to: [/*]
2019-03-28 09:48:44.121  INFO 10936 --- [localhost-startStop-1] o.s.b.w.servlet.FilterRegistrationBean   : Mapping filter: 'httpPutFormContentFilter' to: [/*]
2019-03-28 09:48:44.121  INFO 10936 --- [localhost-startStop-1] o.s.b.w.servlet.FilterRegistrationBean   : Mapping filter: 'requestContextFilter' to: [/*]
2019-03-28 09:48:44.938  INFO 10936 --- [main] s.w.s.m.m.a.RequestMappingHandlerMapping : Mapped "{[/common],methods=[GET]}" onto public com.wangyb.ftpdemo.pojo.RestResult<com.wangyb.ftpdemo.controller.request.CommonReq> com.wangyb.ftpdemo.controller.CommonController.getCommonReq()
2019-03-28 09:48:44.940  INFO 10936 --- [main] s.w.s.m.m.a.RequestMappingHandlerMapping : Mapped "{[/common],methods=[POST]}" onto public com.wangyb.ftpdemo.pojo.RestResult<java.lang.Boolean> com.wangyb.ftpdemo.controller.CommonController.postCommonReq(com.wangyb.ftpdemo.controller.request.CommonReq) throws java.io.IOException
2019-03-28 09:48:44.942  INFO 10936 --- [main] s.w.s.m.m.a.RequestMappingHandlerMapping : Mapped "{[/download/job],methods=[POST]}" onto public com.wangyb.ftpdemo.pojo.RestResult<com.wangyb.ftpdemo.controller.response.ResponseInfo> com.wangyb.ftpdemo.controller.DownLoadController.putDownLoadJob(java.lang.String)
2019-03-28 09:48:44.942  INFO 10936 --- [main] s.w.s.m.m.a.RequestMappingHandlerMapping : Mapped "{[/download/list],methods=[GET]}" onto public com.wangyb.ftpdemo.pojo.RestResult<java.util.List<com.wangyb.ftpdemo.pojo.DayDownLoadInfo>> com.wangyb.ftpdemo.controller.DownLoadController.getDownLoadList()
2019-03-28 09:48:44.942  INFO 10936 --- [main] s.w.s.m.m.a.RequestMappingHandlerMapping : Mapped "{[/download],methods=[GET]}" onto public com.wangyb.ftpdemo.pojo.RestResult<com.wangyb.ftpdemo.pojo.DayDownLoadInfo> com.wangyb.ftpdemo.controller.DownLoadController.checkDownLoadByDownName(java.lang.String)
2019-03-28 09:48:44.942  INFO 10936 --- [main] s.w.s.m.m.a.RequestMappingHandlerMapping : Mapped "{[/download/job/{downName}],methods=[DELETE]}" onto public com.wangyb.ftpdemo.pojo.RestResult<com.wangyb.ftpdemo.controller.response.ResponseInfo> com.wangyb.ftpdemo.controller.DownLoadController.deleteDownLoadJob(java.lang.String)
2019-03-28 09:48:44.944  INFO 10936 --- [main] s.w.s.m.m.a.RequestMappingHandlerMapping : Mapped "{[],methods=[GET]}" onto public java.lang.String com.wangyb.ftpdemo.controller.IndexController.index()
2019-03-28 09:48:44.944  INFO 10936 --- [main] s.w.s.m.m.a.RequestMappingHandlerMapping : Mapped "{[/upload/config],methods=[GET]}" onto public java.lang.String com.wangyb.ftpdemo.controller.IndexController.uploadConfig()
2019-03-28 09:48:44.944  INFO 10936 --- [main] s.w.s.m.m.a.RequestMappingHandlerMapping : Mapped "{[/download/config],methods=[GET]}" onto public java.lang.String com.wangyb.ftpdemo.controller.IndexController.downLoadConfig()
2019-03-28 09:48:44.944  INFO 10936 --- [main] s.w.s.m.m.a.RequestMappingHandlerMapping : Mapped "{[/job/list],methods=[GET]}" onto public java.lang.String com.wangyb.ftpdemo.controller.IndexController.jobList()
2019-03-28 09:48:44.945  INFO 10936 --- [main] s.w.s.m.m.a.RequestMappingHandlerMapping : Mapped "{[/download/admin],methods=[GET]}" onto public java.lang.String com.wangyb.ftpdemo.controller.IndexController.downLoadAdmin()
2019-03-28 09:48:44.945  INFO 10936 --- [main] s.w.s.m.m.a.RequestMappingHandlerMapping : Mapped "{[/upload/admin],methods=[GET]}" onto public java.lang.String com.wangyb.ftpdemo.controller.IndexController.uploadAdmin()
2019-03-28 09:48:44.945  INFO 10936 --- [main] s.w.s.m.m.a.RequestMappingHandlerMapping : Mapped "{[/uploadCommon],methods=[GET]}" onto public com.wangyb.ftpdemo.pojo.RestResult<com.wangyb.ftpdemo.controller.request.UploadReq> com.wangyb.ftpdemo.controller.UploadCommonController.getUploadReq()
2019-03-28 09:48:44.945  INFO 10936 --- [main] s.w.s.m.m.a.RequestMappingHandlerMapping : Mapped "{[/uploadCommon],methods=[POST]}" onto public com.wangyb.ftpdemo.pojo.RestResult<java.lang.Boolean> com.wangyb.ftpdemo.controller.UploadCommonController.postUploadReq(com.wangyb.ftpdemo.controller.request.UploadReq) throws java.io.IOException
2019-03-28 09:48:44.946  INFO 10936 --- [main] s.w.s.m.m.a.RequestMappingHandlerMapping : Mapped "{[/upload/job],methods=[POST]}" onto public com.wangyb.ftpdemo.pojo.RestResult<com.wangyb.ftpdemo.controller.response.ResponseInfo> com.wangyb.ftpdemo.controller.UploadController.putDownLoadJob(java.lang.String)
2019-03-28 09:48:44.947  INFO 10936 --- [main] s.w.s.m.m.a.RequestMappingHandlerMapping : Mapped "{[/upload],methods=[GET]}" onto public com.wangyb.ftpdemo.pojo.RestResult<com.wangyb.ftpdemo.pojo.DayDownLoadInfo> com.wangyb.ftpdemo.controller.UploadController.checkUploadByDownName(java.lang.String)
2019-03-28 09:48:44.950  INFO 10936 --- [main] s.w.s.m.m.a.RequestMappingHandlerMapping : Mapped "{[/swagger-resources/configuration/security]}" onto public org.springframework.http.ResponseEntity<springfox.documentation.swagger.web.SecurityConfiguration> springfox.documentation.swagger.web.ApiResourceController.securityConfiguration()
2019-03-28 09:48:44.950  INFO 10936 --- [main] s.w.s.m.m.a.RequestMappingHandlerMapping : Mapped "{[/swagger-resources/configuration/ui]}" onto public org.springframework.http.ResponseEntity<springfox.documentation.swagger.web.UiConfiguration> springfox.documentation.swagger.web.ApiResourceController.uiConfiguration()
2019-03-28 09:48:44.951  INFO 10936 --- [main] s.w.s.m.m.a.RequestMappingHandlerMapping : Mapped "{[/swagger-resources]}" onto public org.springframework.http.ResponseEntity<java.util.List<springfox.documentation.swagger.web.SwaggerResource>> springfox.documentation.swagger.web.ApiResourceController.swaggerResources()
2019-03-28 09:48:44.953  INFO 10936 --- [main] s.w.s.m.m.a.RequestMappingHandlerMapping : Mapped "{[/error]}" onto public org.springframework.http.ResponseEntity<java.util.Map<java.lang.String, java.lang.Object>> org.springframework.boot.autoconfigure.web.servlet.error.BasicErrorController.error(javax.servlet.http.HttpServletRequest)
2019-03-28 09:48:44.954  INFO 10936 --- [main] s.w.s.m.m.a.RequestMappingHandlerMapping : Mapped "{[/error],produces=[text/html]}" onto public org.springframework.web.servlet.ModelAndView org.springframework.boot.autoconfigure.web.servlet.error.BasicErrorController.errorHtml(javax.servlet.http.HttpServletRequest,javax.servlet.http.HttpServletResponse)
2019-03-28 09:48:45.051  INFO 10936 --- [main] pertySourcedRequestMappingHandlerMapping : Mapped URL path [/v2/api-docs] onto method [public org.springframework.http.ResponseEntity<springfox.documentation.spring.web.json.Json> springfox.documentation.swagger2.web.Swagger2Controller.getDocumentation(java.lang.String,javax.servlet.http.HttpServletRequest)]
2019-03-28 09:48:45.063  INFO 10936 --- [main] o.s.s.concurrent.ThreadPoolTaskExecutor  : Initializing ExecutorService 
2019-03-28 09:48:45.067  INFO 10936 --- [main] o.s.s.concurrent.ThreadPoolTaskExecutor  : Initializing ExecutorService  'taskExecutor'
2019-03-28 09:48:45.074  INFO 10936 --- [main] o.s.s.c.ThreadPoolTaskScheduler          : Initializing ExecutorService  'scheduledExecutorService'
2019-03-28 09:48:45.132  INFO 10936 --- [main] o.s.w.s.handler.SimpleUrlHandlerMapping  : Mapped URL path [/**/favicon.ico] onto handler of type [class org.springframework.web.servlet.resource.ResourceHttpRequestHandler]
2019-03-28 09:48:45.290  INFO 10936 --- [main] s.w.s.m.m.a.RequestMappingHandlerAdapter : Looking for @ControllerAdvice: org.springframework.boot.web.servlet.context.AnnotationConfigServletWebServerApplicationContext@73a1e9a9: startup date [Thu Mar 28 09:48:41 CST 2019]; root of context hierarchy
2019-03-28 09:48:45.335  INFO 10936 --- [main] o.s.w.s.handler.SimpleUrlHandlerMapping  : Mapped URL path [/webjars/**] onto handler of type [class org.springframework.web.servlet.resource.ResourceHttpRequestHandler]
2019-03-28 09:48:45.335  INFO 10936 --- [main] o.s.w.s.handler.SimpleUrlHandlerMapping  : Mapped URL path [/**] onto handler of type [class org.springframework.web.servlet.resource.ResourceHttpRequestHandler]
2019-03-28 09:48:45.344  INFO 10936 --- [main] .m.m.a.ExceptionHandlerExceptionResolver : Detected @ExceptionHandler methods in globalExceptionHandler
2019-03-28 09:48:45.499  INFO 10936 --- [main] o.s.j.e.a.AnnotationMBeanExporter        : Registering beans for JMX exposure on startup
2019-03-28 09:48:45.508  INFO 10936 --- [main] o.s.c.support.DefaultLifecycleProcessor  : Starting beans in phase 2147483647
2019-03-28 09:48:45.508  INFO 10936 --- [main] d.s.w.p.DocumentationPluginsBootstrapper : Context refreshed
2019-03-28 09:48:45.530  INFO 10936 --- [main] d.s.w.p.DocumentationPluginsBootstrapper : Found 1 custom documentation plugin(s)
2019-03-28 09:48:45.558  INFO 10936 --- [main] s.d.s.w.s.ApiListingReferenceScanner     : Scanning for api listing references
2019-03-28 09:48:45.702  INFO 10936 --- [main] .d.s.w.r.o.CachingOperationNameGenerator : Generating unique operation named: putDownLoadJobUsingPOST_1
2019-03-28 09:48:45.739  INFO 10936 --- [main] o.s.b.w.embedded.tomcat.TomcatWebServer  : Tomcat started on port(s): 8056 (http) with context path ''
2019-03-28 09:48:45.742  INFO 10936 --- [main] com.wangyb.ftpdemo.FtpdemoApplication    : Started FtpdemoApplication in 4.382 seconds (JVM running for 5.734)
2019-03-28 09:48:45.743  INFO 10936 --- [main] c.w.ftpdemo.task.InitSpringBootTask      : 启动时检查配置文件，如果没有则用默认值生成配置文件
2019-03-28 09:48:45.754  INFO 10936 --- [main] c.w.ftpdemo.task.InitSpringBootTask      : 检查配置文件完成
2019-03-28 09:48:45.755  INFO 10936 --- [main] c.w.ftpdemo.task.InitSpringBootTask      : 检查是否有历史任务信息，如果有则读取
2019-03-28 09:48:45.755  INFO 10936 --- [main] c.w.ftpdemo.task.InitSpringBootTask      : 检查历史任务信息完成
2019-03-28 09:48:45.755  INFO 10936 --- [main] c.w.ftpdemo.task.InitSpringBootTask      : 如果有未下载完成的任务交由定时任务去执行下载
2019-03-28 09:48:45.758  INFO 10936 --- [main] c.w.ftpdemo.task.InitSpringBootTask      : 检查下载任务完成
2019-03-28 09:48:45.759  INFO 10936 --- [main] c.w.ftpdemo.task.InitSpringBootTask      : 开始检查上传任务，如果有未上传的任务则交由定时任务上传
2019-03-28 09:48:45.760  INFO 10936 --- [main] c.w.ftpdemo.task.InitSpringBootTask      : 检查上传任务完成
2019-03-28 09:49:21.748  INFO 10936 --- [http-nio-8056-exec-1] o.a.c.c.C.[Tomcat].[localhost].[/]       : Initializing Spring FrameworkServlet 'dispatcherServlet'
2019-03-28 09:49:21.748  INFO 10936 --- [http-nio-8056-exec-1] o.s.web.servlet.DispatcherServlet        : FrameworkServlet 'dispatcherServlet': initialization started
2019-03-28 09:49:21.763  INFO 10936 --- [http-nio-8056-exec-1] o.s.web.servlet.DispatcherServlet        : FrameworkServlet 'dispatcherServlet': initialization completed in 15 ms
2019-03-28 09:49:22.386  INFO 10936 --- [http-nio-8056-exec-9] c.w.ftpdemo.aspect.ControllerAspect      : by wangyb: DownLoadController.getDownLoadList->
2019-03-28 09:49:25.362  INFO 10936 --- [http-nio-8056-exec-6] c.w.ftpdemo.aspect.ControllerAspect      : by wangyb: CommonController.getCommonReq->
2019-03-28 09:49:30.638  INFO 10936 --- [http-nio-8056-exec-4] c.w.ftpdemo.aspect.ControllerAspect      : by wangyb: UploadCommonController.getUploadReq->
2019-03-28 09:49:32.845  INFO 10936 --- [http-nio-8056-exec-7] c.w.ftpdemo.aspect.ControllerAspect      : by wangyb: DownLoadController.getDownLoadList->
2019-03-28 09:49:43.998  INFO 10936 --- [http-nio-8056-exec-6] c.w.ftpdemo.aspect.ControllerAspect      : by wangyb: DownLoadController.getDownLoadList->
2019-03-28 09:49:44.483  INFO 10936 --- [http-nio-8056-exec-4] c.w.ftpdemo.aspect.ControllerAspect      : by wangyb: UploadCommonController.getUploadReq->
2019-03-28 09:49:44.949  INFO 10936 --- [http-nio-8056-exec-1] c.w.ftpdemo.aspect.ControllerAspect      : by wangyb: CommonController.getCommonReq->
2019-03-28 09:49:45.694  INFO 10936 --- [http-nio-8056-exec-7] c.w.ftpdemo.aspect.ControllerAspect      : by wangyb: UploadCommonController.getUploadReq->
2019-03-28 09:49:46.090  INFO 10936 --- [http-nio-8056-exec-10] c.w.ftpdemo.aspect.ControllerAspect      : by wangyb: DownLoadController.getDownLoadList->
2019-03-28 09:49:47.606  INFO 10936 --- [http-nio-8056-exec-4] c.w.ftpdemo.aspect.ControllerAspect      : by wangyb: DownLoadController.getDownLoadList->
2019-03-28 09:49:48.300  INFO 10936 --- [http-nio-8056-exec-1] c.w.ftpdemo.aspect.ControllerAspect      : by wangyb: UploadCommonController.getUploadReq->
2019-03-28 09:49:48.852  INFO 10936 --- [http-nio-8056-exec-7] c.w.ftpdemo.aspect.ControllerAspect      : by wangyb: CommonController.getCommonReq->
